{"/var/www/eduzz-backend-challenge/src/app.ts": {"path":"/var/www/eduzz-backend-challenge/src/app.ts","statementMap":{"0":{"start":{"line":1,"column":13},"end":{"line":1,"column":73}},"1":{"start":{"line":1,"column":113},"end":{"line":1,"column":167}},"2":{"start":{"line":1,"column":169},"end":{"line":1,"column":194}},"3":{"start":{"line":3,"column":15},"end":{"line":3,"column":33}},"4":{"start":{"line":3,"column":51},"end":{"line":3,"column":83}},"5":{"start":{"line":4,"column":12},"end":{"line":4,"column":27}},"6":{"start":{"line":4,"column":42},"end":{"line":4,"column":71}},"7":{"start":{"line":6,"column":14},"end":{"line":6,"column":33}},"8":{"start":{"line":6,"column":50},"end":{"line":6,"column":81}},"9":{"start":{"line":12,"column":4},"end":{"line":12,"column":51}},"10":{"start":{"line":14,"column":4},"end":{"line":14,"column":22}},"11":{"start":{"line":15,"column":4},"end":{"line":15,"column":17}},"12":{"start":{"line":19,"column":4},"end":{"line":19,"column":46}},"13":{"start":{"line":20,"column":4},"end":{"line":20,"column":51}},"14":{"start":{"line":24,"column":4},"end":{"line":24,"column":38}},"15":{"start":{"line":28,"column":0},"end":{"line":28,"column":36}}},"fnMap":{"0":{"name":"_interopRequireDefault","decl":{"start":{"line":1,"column":83},"end":{"line":1,"column":105}},"loc":{"start":{"line":1,"column":111},"end":{"line":1,"column":169}},"line":1},"1":{"name":"(anonymous_1)","decl":{"start":{"line":11,"column":3},"end":{"line":11,"column":4}},"loc":{"start":{"line":11,"column":18},"end":{"line":16,"column":3}},"line":11},"2":{"name":"(anonymous_2)","decl":{"start":{"line":18,"column":3},"end":{"line":18,"column":4}},"loc":{"start":{"line":18,"column":18},"end":{"line":21,"column":3}},"line":18},"3":{"name":"(anonymous_3)","decl":{"start":{"line":23,"column":3},"end":{"line":23,"column":4}},"loc":{"start":{"line":23,"column":13},"end":{"line":25,"column":3}},"line":23}},"branchMap":{"0":{"loc":{"start":{"line":1,"column":120},"end":{"line":1,"column":166}},"type":"cond-expr","locations":[{"start":{"line":1,"column":144},"end":{"line":1,"column":147}},{"start":{"line":1,"column":150},"end":{"line":1,"column":166}}],"line":1},"1":{"loc":{"start":{"line":1,"column":120},"end":{"line":1,"column":141}},"type":"binary-expr","locations":[{"start":{"line":1,"column":120},"end":{"line":1,"column":123}},{"start":{"line":1,"column":127},"end":{"line":1,"column":141}}],"line":1}},"s":{"0":1,"1":3,"2":1,"3":1,"4":1,"5":1,"6":1,"7":1,"8":1,"9":1,"10":1,"11":1,"12":1,"13":1,"14":1,"15":1},"f":{"0":3,"1":1,"2":1,"3":1},"b":{"0":[1,2],"1":[3,3]},"_coverageSchema":"1a1c01bbd47fc00a2c39e90264f33305004495a9","hash":"b5852efff0b0f6865bcef9bf3ee7551d33779610"}
,"/var/www/eduzz-backend-challenge/src/routes.ts": {"path":"/var/www/eduzz-backend-challenge/src/routes.ts","statementMap":{"0":{"start":{"line":1,"column":13},"end":{"line":1,"column":73}},"1":{"start":{"line":1,"column":113},"end":{"line":1,"column":167}},"2":{"start":{"line":1,"column":184},"end":{"line":1,"column":202}},"3":{"start":{"line":3,"column":22},"end":{"line":3,"column":65}},"4":{"start":{"line":3,"column":90},"end":{"line":3,"column":129}},"5":{"start":{"line":5,"column":15},"end":{"line":5,"column":45}},"6":{"start":{"line":7,"column":0},"end":{"line":7,"column":52}},"7":{"start":{"line":9,"column":0},"end":{"line":9,"column":25}}},"fnMap":{"0":{"name":"_interopRequireDefault","decl":{"start":{"line":1,"column":83},"end":{"line":1,"column":105}},"loc":{"start":{"line":1,"column":111},"end":{"line":1,"column":169}},"line":1}},"branchMap":{"0":{"loc":{"start":{"line":1,"column":120},"end":{"line":1,"column":166}},"type":"cond-expr","locations":[{"start":{"line":1,"column":144},"end":{"line":1,"column":147}},{"start":{"line":1,"column":150},"end":{"line":1,"column":166}}],"line":1},"1":{"loc":{"start":{"line":1,"column":120},"end":{"line":1,"column":141}},"type":"binary-expr","locations":[{"start":{"line":1,"column":120},"end":{"line":1,"column":123}},{"start":{"line":1,"column":127},"end":{"line":1,"column":141}}],"line":1}},"s":{"0":1,"1":1,"2":1,"3":1,"4":1,"5":1,"6":1,"7":1},"f":{"0":1},"b":{"0":[1,0],"1":[1,1]},"_coverageSchema":"1a1c01bbd47fc00a2c39e90264f33305004495a9","hash":"2aeb989d486450e73cd187c25dd0cee17122a9d3"}
,"/var/www/eduzz-backend-challenge/src/app/controllers/TestController.ts": {"path":"/var/www/eduzz-backend-challenge/src/app/controllers/TestController.ts","statementMap":{"0":{"start":{"line":1,"column":13},"end":{"line":1,"column":73}},"1":{"start":{"line":5,"column":4},"end":{"line":7,"column":6}},"2":{"start":{"line":11,"column":0},"end":{"line":11,"column":39}}},"fnMap":{"0":{"name":"(anonymous_0)","decl":{"start":{"line":4,"column":3},"end":{"line":4,"column":4}},"loc":{"start":{"line":4,"column":20},"end":{"line":8,"column":3}},"line":4}},"branchMap":{},"s":{"0":1,"1":1,"2":1},"f":{"0":1},"b":{},"_coverageSchema":"1a1c01bbd47fc00a2c39e90264f33305004495a9","hash":"46c340e2f270ea12010c2fcf53bb2c1729c19ec1"}
}
