TN:
SF:src/app.ts
FN:1,_interopRequireDefault
FN:11,(anonymous_1)
FN:18,(anonymous_2)
FN:23,(anonymous_3)
FNF:4
FNH:4
FNDA:3,_interopRequireDefault
FNDA:1,(anonymous_1)
FNDA:1,(anonymous_2)
FNDA:1,(anonymous_3)
DA:1,3
DA:3,1
DA:4,1
DA:6,1
DA:12,1
DA:14,1
DA:15,1
DA:19,1
DA:20,1
DA:24,1
DA:28,1
LF:11
LH:11
BRDA:1,0,0,1
BRDA:1,0,1,2
BRDA:1,1,0,3
BRDA:1,1,1,3
BRF:4
BRH:4
end_of_record
TN:
SF:src/routes.ts
FN:1,_interopRequireDefault
FNF:1
FNH:1
FNDA:1,_interopRequireDefault
DA:1,1
DA:3,1
DA:5,1
DA:7,1
DA:9,1
LF:5
LH:5
BRDA:1,0,0,1
BRDA:1,0,1,0
BRDA:1,1,0,1
BRDA:1,1,1,1
BRF:4
BRH:3
end_of_record
TN:
SF:src/app/controllers/TestController.ts
FN:4,(anonymous_0)
FNF:1
FNH:1
FNDA:1,(anonymous_0)
DA:1,1
DA:5,1
DA:11,1
LF:3
LH:3
BRF:0
BRH:0
end_of_record
